<?xml version="1.0" encoding="UTF-8"?>
<!-- Generated by org.testng.reporters.JUnitReportReporter -->
<testsuite skipped="0" hostname="LAPTOP-G9UNK79B" name="Test1.sample" tests="1" failures="0" timestamp="05 Apr 2019 12:58:36 GMT" time="41.649" errors="0">
  <testcase name="m" time="41.649" classname="Test1.sample"/>
</testsuite> <!-- Test1.sample -->
